Using pre-set license
Built from '2020.3/release' branch; Version is '2020.3.12f1 (b3b2c6512326) revision 11776710'; Using compiler version '192528614'; Build Type 'Release'
OS: 'Windows 10 Pro; OS build 19041.1165; Version 2004; 64bit' Language: 'tr' Physical Memory: 8050 MB
BatchMode: 1, IsHumanControllingUs: 0, StartBugReporterOnCrash: 0, Is64bit: 1, IsPro: 0

 COMMAND LINE ARGUMENTS:
C:\Program Files\Unity\Hub\Editor\2020.3.12f1\Editor\Unity.exe
-adb2
-batchMode
-noUpm
-name
AssetImportWorker0
-projectPath
C:/Users/Omer/Desktop/UnityProjeleri/2020thegame
-logFile
Logs/AssetImportWorker0.log
-srvPort
49471
Successfully changed project path to: C:/Users/Omer/Desktop/UnityProjeleri/2020thegame
C:/Users/Omer/Desktop/UnityProjeleri/2020thegame
Using Asset Import Pipeline V2.
Refreshing native plugins compatible for Editor in 38.41 ms, found 2 plugins.
Preloading 0 native plugins for Editor in 0.00 ms.
Initialize engine version: 2020.3.12f1 (b3b2c6512326)
[Subsystems] Discovering subsystems at path C:/Program Files/Unity/Hub/Editor/2020.3.12f1/Editor/Data/Resources/UnitySubsystems
[Subsystems] Discovering subsystems at path C:/Users/Omer/Desktop/UnityProjeleri/2020thegame/Assets
GfxDevice: creating device client; threaded=0
Direct3D:
    Version:  Direct3D 11.0 [level 11.1]
    Renderer: NVIDIA GeForce GTX 1650 (ID=0x1f91)
    Vendor:   
    VRAM:     3962 MB
    Driver:   30.0.14.7141
Initialize mono
Mono path[0] = 'C:/Program Files/Unity/Hub/Editor/2020.3.12f1/Editor/Data/Managed'
Mono path[1] = 'C:/Program Files/Unity/Hub/Editor/2020.3.12f1/Editor/Data/MonoBleedingEdge/lib/mono/unityjit'
Mono config path = 'C:/Program Files/Unity/Hub/Editor/2020.3.12f1/Editor/Data/MonoBleedingEdge/etc'
Using monoOptions --debugger-agent=transport=dt_socket,embedding=1,server=y,suspend=n,address=127.0.0.1:56240
Begin MonoManager ReloadAssembly
Registering precompiled unity dll's ...
Register platform support module: C:/Program Files/Unity/Hub/Editor/2020.3.12f1/Editor/Data/PlaybackEngines/WebGLSupport/UnityEditor.WebGL.Extensions.dll
Register platform support module: C:/Program Files/Unity/Hub/Editor/2020.3.12f1/Editor/Data/PlaybackEngines/WindowsStandaloneSupport/UnityEditor.WindowsStandalone.Extensions.dll
Registered in 0.007379 seconds.
Native extension for WindowsStandalone target not found
Native extension for WebGL target not found
Refreshing native plugins compatible for Editor in 33.39 ms, found 2 plugins.
Preloading 0 native plugins for Editor in 0.00 ms.
Mono: successfully reloaded assembly
- Completed reload, in  4.686 seconds
Platform modules already initialized, skipping
Registering precompiled user dll's ...
Registered in 0.022811 seconds.
Begin MonoManager ReloadAssembly
Native extension for WindowsStandalone target not found
Native extension for WebGL target not found
Refreshing native plugins compatible for Editor in 0.40 ms, found 2 plugins.
Preloading 0 native plugins for Editor in 0.00 ms.
Mono: successfully reloaded assembly
- Completed reload, in  1.054 seconds
Platform modules already initialized, skipping
========================================================================
Worker process is ready to serve import requests
Launched and connected shader compiler UnityShaderCompiler.exe after 0.09 seconds
Refreshing native plugins compatible for Editor in 0.37 ms, found 2 plugins.
Preloading 0 native plugins for Editor in 0.00 ms.
Unloading 1413 Unused Serialized files (Serialized files now loaded: 0)
System memory in use before: 154.3 MB.
System memory in use after: 154.4 MB.

Unloading 18 unused Assets to reduce memory usage. Loaded Objects now: 1891.
Total: 2.602000 ms (FindLiveObjects: 0.183100 ms CreateObjectMapping: 0.043100 ms MarkObjects: 2.254800 ms  DeleteObjects: 0.119500 ms)

AssetImportParameters requested are different than current active one (requested -> active):
  custom:framework-win-MediaFoundation: 216162199b28c13a410421893ffa2e32 -> 
  custom:video-decoder-ogg-theora: a1e56fd34408186e4bbccfd4996cb3dc -> 
  custom:container-muxer-webm: aa71ff27fc2769a1b78a27578f13a17b -> 
  custom:container-demuxer-webm: 4f35f7cbe854078d1ac9338744f61a02 -> 
  custom:container-demuxer-ogg: 62fdf1f143b41e24485cea50d1cbac27 -> 
  custom:video-encoder-webm-vp8: eb34c28f22e8b96e1ab97ce403110664 -> 
  custom:video-decoder-webm-vp8: 9c59270c3fd7afecdb556c50c9e8de78 -> 
  custom:audio-decoder-ogg-vorbis: bf7c407c2cedff20999df2af8eb42d56 -> 
  custom:audio-encoder-webm-vorbis: bf7c407c2cedff20999df2af8eb42d56 -> 
========================================================================
Received Import Request.
  path: Assets/Materials/New Material 1.mat
  artifactKey: Guid(b6574bf9886a8d7458675b04c165a730) Importer(815301076,1909f56bfc062723c751e8b465ee728b)
Start importing Assets/Materials/New Material 1.mat using Guid(b6574bf9886a8d7458675b04c165a730) Importer(815301076,1909f56bfc062723c751e8b465ee728b)  -> (artifact id: 'b2f33b9c035ebc7804f403810bd81da1') in 0.150560 seconds 
  Import took 0.155364 seconds .

========================================================================
Received Import Request.
  Time since last request: 0.000549 seconds.
  path: Assets/Materials/New Material.mat
  artifactKey: Guid(31d4402d2227af2489795dc810ca821e) Importer(815301076,1909f56bfc062723c751e8b465ee728b)
Start importing Assets/Materials/New Material.mat using Guid(31d4402d2227af2489795dc810ca821e) Importer(815301076,1909f56bfc062723c751e8b465ee728b)  -> (artifact id: 'ffcf79ea80798320018d080b3e5a6ebe') in 0.014532 seconds 
  Import took 0.018444 seconds .

========================================================================
Received Import Request.
  Time since last request: 0.000381 seconds.
  path: Assets/Materials/BulletMaterial.mat
  artifactKey: Guid(f46e9c8f5a1dad44785c9e907f9bca6b) Importer(815301076,1909f56bfc062723c751e8b465ee728b)
Start importing Assets/Materials/BulletMaterial.mat using Guid(f46e9c8f5a1dad44785c9e907f9bca6b) Importer(815301076,1909f56bfc062723c751e8b465ee728b)  -> (artifact id: '432cd9b209085cd74950fb1c44490258') in 0.016332 seconds 
  Import took 0.021823 seconds .

========================================================================
Received Import Request.
  Time since last request: 0.000556 seconds.
  path: Assets/Materials/Laser.mat
  artifactKey: Guid(a5517b3ca19c4654c926360af904cfab) Importer(815301076,1909f56bfc062723c751e8b465ee728b)
Start importing Assets/Materials/Laser.mat using Guid(a5517b3ca19c4654c926360af904cfab) Importer(815301076,1909f56bfc062723c751e8b465ee728b)  -> (artifact id: 'd26c74b3d606693ca279961ea7777f62') in 0.015438 seconds 
  Import took 0.020045 seconds .

========================================================================
Received Import Request.
  Time since last request: 0.000241 seconds.
  path: Assets/Materials/LaserGlow.mat
  artifactKey: Guid(86f97fcf82f85d146b1f98b9594b7e99) Importer(815301076,1909f56bfc062723c751e8b465ee728b)
Start importing Assets/Materials/LaserGlow.mat using Guid(86f97fcf82f85d146b1f98b9594b7e99) Importer(815301076,1909f56bfc062723c751e8b465ee728b)  -> (artifact id: '2b43c519671b89c3aa0581d4d4101b48') in 0.016540 seconds 
  Import took 0.019574 seconds .

========================================================================
Received Import Request.
  Time since last request: 0.000227 seconds.
  path: Assets/Materials/New Material 2.mat
  artifactKey: Guid(081a5670912cb7f49878b2316864203e) Importer(815301076,1909f56bfc062723c751e8b465ee728b)
Start importing Assets/Materials/New Material 2.mat using Guid(081a5670912cb7f49878b2316864203e) Importer(815301076,1909f56bfc062723c751e8b465ee728b)  -> (artifact id: '7810b5ad957fac2bcc883911a0e14e7f') in 0.018154 seconds 
  Import took 0.021094 seconds .

========================================================================
Received Import Request.
  Time since last request: 20.724274 seconds.
  path: Assets/Materials/Red.mat
  artifactKey: Guid(93ce742b78b840f48a9e4226d8ee18dd) Importer(815301076,1909f56bfc062723c751e8b465ee728b)
Start importing Assets/Materials/Red.mat using Guid(93ce742b78b840f48a9e4226d8ee18dd) Importer(815301076,1909f56bfc062723c751e8b465ee728b)  -> (artifact id: '550f81b14da89d8964569fbc2718db7d') in 0.015978 seconds 
  Import took 0.021459 seconds .

========================================================================
Received Import Request.
  Time since last request: 23.261394 seconds.
  path: Assets/Materials/Red.mat
  artifactKey: Guid(93ce742b78b840f48a9e4226d8ee18dd) Importer(815301076,1909f56bfc062723c751e8b465ee728b)
Start importing Assets/Materials/Red.mat using Guid(93ce742b78b840f48a9e4226d8ee18dd) Importer(815301076,1909f56bfc062723c751e8b465ee728b)  -> (artifact id: '8b6fd618af84ef6b3828dd7804b8b807') in 0.014176 seconds 
  Import took 0.017118 seconds .

